<?xml version="1.0" encoding="UTF-8"?>
<!-- Generated by org.testng.reporters.JUnitReportReporter -->
<testsuite hostname="DESKTOP-PEKRK84" failures="0" tests="2" name="Yogi.Jenkinsid.MobileTest" time="0.002" errors="0" timestamp="2023-07-26T12:39:02 IST" skipped="0">
  <testcase classname="Yogi.Jenkinsid.MobileTest" name="login" time="0.002"/>
  <testcase classname="Yogi.Jenkinsid.MobileTest" name="logout" time="0.000"/>
</testsuite> <!-- Yogi.Jenkinsid.MobileTest -->
